  마술카드.c
c:\users\이준석\source\repos\이산수학 마술카드\마술카드.c(30): warning C4244: '=': 'double'에서 'int'(으)로 변환하면서 데이터가 손실될 수 있습니다.
c:\users\이준석\source\repos\이산수학 마술카드\마술카드.c(84): warning C4244: '+=': 'double'에서 'int'(으)로 변환하면서 데이터가 손실될 수 있습니다.
c:\users\이준석\source\repos\이산수학 마술카드\마술카드.c(90): warning C4244: '+=': 'double'에서 'int'(으)로 변환하면서 데이터가 손실될 수 있습니다.
c:\users\이준석\source\repos\이산수학 마술카드\마술카드.c(28): warning C4996: 'scanf': This function or variable may be unsafe. Consider using scanf_s instead. To disable deprecation, use _CRT_SECURE_NO_WARNINGS. See online help for details.
  c:\program files (x86)\windows kits\10\include\10.0.17763.0\ucrt\stdio.h(1274): note: 'scanf' 선언을 참조하십시오.
c:\users\이준석\source\repos\이산수학 마술카드\마술카드.c(32): warning C4996: 'scanf': This function or variable may be unsafe. Consider using scanf_s instead. To disable deprecation, use _CRT_SECURE_NO_WARNINGS. See online help for details.
  c:\program files (x86)\windows kits\10\include\10.0.17763.0\ucrt\stdio.h(1274): note: 'scanf' 선언을 참조하십시오.
c:\users\이준석\source\repos\이산수학 마술카드\마술카드.c(20): warning C4101: 'tmp' :참조되지 않은 지역 변수입니다.
c:\users\이준석\source\repos\이산수학 마술카드\마술카드.c(15): warning C4101: 'k' :참조되지 않은 지역 변수입니다.
c:\users\이준석\source\repos\이산수학 마술카드\마술카드.c(147): error C2084: 'int main()' 함수에 이미 본문이 있습니다.
  c:\users\이준석\source\repos\이산수학 마술카드\마술카드.c(11): note: 'main'의 이전 정의를 참조하십시오.
c:\users\이준석\source\repos\이산수학 마술카드\마술카드.c(147): error C2065: 'EntitySet': 선언되지 않은 식별자입니다.
c:\users\이준석\source\repos\이산수학 마술카드\마술카드.c(147): error C2146: 구문 오류: ';'이(가) 'usage' 식별자 앞에 없습니다.
c:\users\이준석\source\repos\이산수학 마술카드\마술카드.c(147): error C2065: 'usage': 선언되지 않은 식별자입니다.
c:\users\이준석\source\repos\이산수학 마술카드\마술카드.c(147): warning C4013: 'rusage_create'이(가) 정의되지 않았습니다. extern은 int형을 반환하는 것으로 간주합니다.
c:\users\이준석\source\repos\이산수학 마술카드\마술카드.c(147): error C2224: '.size' 왼쪽에는 구조체/공용 구조체 형식이 있어야 합니다.
c:\users\이준석\source\repos\이산수학 마술카드\마술카드.c(147): error C2065: 'Entity': 선언되지 않은 식별자입니다.
c:\users\이준석\source\repos\이산수학 마술카드\마술카드.c(147): error C2146: 구문 오류: ';'이(가) 'e' 식별자 앞에 없습니다.
c:\users\이준석\source\repos\이산수학 마술카드\마술카드.c(147): error C2065: 'e': 선언되지 않은 식별자입니다.
c:\users\이준석\source\repos\이산수학 마술카드\마술카드.c(147): error C2224: '.entities' 왼쪽에는 구조체/공용 구조체 형식이 있어야 합니다.
c:\users\이준석\source\repos\이산수학 마술카드\마술카드.c(147): error C2224: '.key' 왼쪽에는 구조체/공용 구조체 형식이 있어야 합니다.
c:\users\이준석\source\repos\이산수학 마술카드\마술카드.c(147): warning C4473: 'printf': 서식 문자열에 대한 인수가 충분하게 전달되지 않았습니다.
  c:\users\이준석\source\repos\이산수학 마술카드\마술카드.c(147): note: 자리 표시자 및 해당 매개 변수에는 variadic 인수가 1개 필요하지만 0개가 제공되었습니다.
  c:\users\이준석\source\repos\이산수학 마술카드\마술카드.c(147): note: 누락된 variadic 인수 1이(가) 서식 문자열 '%s'에 필요합니다.
c:\users\이준석\source\repos\이산수학 마술카드\마술카드.c(147): error C2224: '.value' 왼쪽에는 구조체/공용 구조체 형식이 있어야 합니다.
c:\users\이준석\source\repos\이산수학 마술카드\마술카드.c(147): warning C4013: 'rusage_getstr'이(가) 정의되지 않았습니다. extern은 int형을 반환하는 것으로 간주합니다.
c:\users\이준석\source\repos\이산수학 마술카드\마술카드.c(147): warning C4477: 'printf' : 서식 문자열 '%s'에 'char *' 형식의 인수가 필요하지만 variadic 인수 2의 형식이 'int'입니다.
c:\users\이준석\source\repos\이산수학 마술카드\마술카드.c(147): warning C4013: 'rusage_destroy'이(가) 정의되지 않았습니다. extern은 int형을 반환하는 것으로 간주합니다.
c:\users\이준석\source\repos\이산수학 마술카드\마술카드.c(149): error C2143: 구문 오류: '{'이(가) ':' 앞에 없습니다.
c:\users\이준석\source\repos\이산수학 마술카드\마술카드.c(149): error C2059: 구문 오류: ':'
