  실습3번.c
c:\users\이준석\source\repos\자구실습\실습3번.c(26): warning C4996: 'scanf': This function or variable may be unsafe. Consider using scanf_s instead. To disable deprecation, use _CRT_SECURE_NO_WARNINGS. See online help for details.
  c:\program files (x86)\windows kits\10\include\10.0.17763.0\ucrt\stdio.h(1274): note: 'scanf' 선언을 참조하십시오.
c:\users\이준석\source\repos\자구실습\실습3번.c(28): warning C4996: 'scanf': This function or variable may be unsafe. Consider using scanf_s instead. To disable deprecation, use _CRT_SECURE_NO_WARNINGS. See online help for details.
  c:\program files (x86)\windows kits\10\include\10.0.17763.0\ucrt\stdio.h(1274): note: 'scanf' 선언을 참조하십시오.
c:\users\이준석\source\repos\자구실습\실습3번.c(30): warning C4996: 'scanf': This function or variable may be unsafe. Consider using scanf_s instead. To disable deprecation, use _CRT_SECURE_NO_WARNINGS. See online help for details.
  c:\program files (x86)\windows kits\10\include\10.0.17763.0\ucrt\stdio.h(1274): note: 'scanf' 선언을 참조하십시오.
c:\users\이준석\source\repos\자구실습\실습3번.c(32): warning C4996: 'scanf': This function or variable may be unsafe. Consider using scanf_s instead. To disable deprecation, use _CRT_SECURE_NO_WARNINGS. See online help for details.
  c:\program files (x86)\windows kits\10\include\10.0.17763.0\ucrt\stdio.h(1274): note: 'scanf' 선언을 참조하십시오.
c:\users\이준석\source\repos\자구실습\실습3번.c(34): warning C4996: 'scanf': This function or variable may be unsafe. Consider using scanf_s instead. To disable deprecation, use _CRT_SECURE_NO_WARNINGS. See online help for details.
  c:\program files (x86)\windows kits\10\include\10.0.17763.0\ucrt\stdio.h(1274): note: 'scanf' 선언을 참조하십시오.
c:\users\이준석\source\repos\자구실습\실습3번.c(46): warning C4996: 'scanf': This function or variable may be unsafe. Consider using scanf_s instead. To disable deprecation, use _CRT_SECURE_NO_WARNINGS. See online help for details.
  c:\program files (x86)\windows kits\10\include\10.0.17763.0\ucrt\stdio.h(1274): note: 'scanf' 선언을 참조하십시오.
c:\users\이준석\source\repos\자구실습\실습3번.c(67): warning C4996: 'scanf': This function or variable may be unsafe. Consider using scanf_s instead. To disable deprecation, use _CRT_SECURE_NO_WARNINGS. See online help for details.
  c:\program files (x86)\windows kits\10\include\10.0.17763.0\ucrt\stdio.h(1274): note: 'scanf' 선언을 참조하십시오.
c:\users\이준석\source\repos\자구실습\실습3번.c(103): warning C4996: 'scanf': This function or variable may be unsafe. Consider using scanf_s instead. To disable deprecation, use _CRT_SECURE_NO_WARNINGS. See online help for details.
  c:\program files (x86)\windows kits\10\include\10.0.17763.0\ucrt\stdio.h(1274): note: 'scanf' 선언을 참조하십시오.
c:\users\이준석\source\repos\자구실습\실습3번.c(95): warning C4101: 'search' :참조되지 않은 지역 변수입니다.
c:\users\이준석\source\repos\자구실습\실습3번.c(98): warning C4101: 'name' :참조되지 않은 지역 변수입니다.
c:\users\이준석\source\repos\자구실습\실습3번.c(97): warning C4101: 'eng' :참조되지 않은 지역 변수입니다.
c:\users\이준석\source\repos\자구실습\실습3번.c(95): warning C4101: 'delete' :참조되지 않은 지역 변수입니다.
c:\users\이준석\source\repos\자구실습\실습3번.c(97): warning C4101: 'kor' :참조되지 않은 지역 변수입니다.
c:\users\이준석\source\repos\자구실습\실습3번.c(97): warning C4101: 'num' :참조되지 않은 지역 변수입니다.
c:\users\이준석\source\repos\자구실습\실습3번.c(97): warning C4101: 'math' :참조되지 않은 지역 변수입니다.
  자구실습.vcxproj -> C:\Users\이준석\source\repos\자구실습\Debug\자구실습.exe
